SF:/home/riverspider/OmSTU-AMCS-SummerPractice2023/unit-testing-using-dotnet-test/PrimeService/PrimeService.cs
FN:7,System.Double[] Prime.Services.PrimeService::Solve(System.Double,System.Double,System.Double)
FNDA:13,System.Double[] Prime.Services.PrimeService::Solve(System.Double,System.Double,System.Double)
DA:8,13
DA:9,13
DA:10,13
DA:11,13
DA:12,13
DA:13,14
DA:14,21
DA:15,3
DA:16,3
DA:17,3
DA:18,4
DA:19,3
DA:20,1
DA:21,1
DA:23,1
DA:24,1
DA:25,1
DA:26,1
DA:29,3
BRDA:13,35,0,11
BRDA:13,35,1,2
BRDA:13,48,0,1
BRDA:13,48,1,12
BRDA:14,62,0,11
BRDA:14,70,0,9
BRDA:14,78,0,7
BRDA:14,86,0,3
BRDA:14,94,0,3
BRDA:14,62,1,9
BRDA:14,70,1,9
BRDA:14,78,1,9
BRDA:14,86,1,9
BRDA:14,94,1,9
BRDA:14,109,0,9
BRDA:14,109,1,3
BRDA:18,157,0,1
BRDA:18,157,1,2
BRDA:19,173,0,1
BRDA:19,173,1,1
LF:19
LH:19
BRF:20
BRH:20
FNF:1
FNH:1
end_of_record