SF:/home/riverspider/OmSTU-AMCS-SummerPractice2023/SquareEquationLib/SquareEquation.cs
FN:5,System.Double[] SquareEquationLib.SquareEquation::Solve(System.Double,System.Double,System.Double)
FNDA:13,System.Double[] SquareEquationLib.SquareEquation::Solve(System.Double,System.Double,System.Double)
DA:6,13
DA:7,13
DA:8,13
DA:9,13
DA:10,13
DA:11,14
DA:12,21
DA:13,3
DA:14,3
DA:15,3
DA:16,4
DA:17,3
DA:18,1
DA:19,1
DA:21,1
DA:22,1
DA:23,1
DA:24,1
DA:27,3
BRDA:11,35,0,11
BRDA:11,35,1,2
BRDA:11,48,0,1
BRDA:11,48,1,12
BRDA:12,62,0,11
BRDA:12,70,0,9
BRDA:12,78,0,7
BRDA:12,86,0,3
BRDA:12,94,0,3
BRDA:12,62,1,9
BRDA:12,70,1,9
BRDA:12,78,1,9
BRDA:12,86,1,9
BRDA:12,94,1,9
BRDA:12,109,0,9
BRDA:12,109,1,3
BRDA:16,157,0,1
BRDA:16,157,1,2
BRDA:17,173,0,1
BRDA:17,173,1,1
LF:19
LH:19
BRF:20
BRH:20
FNF:1
FNH:1
end_of_record